<?xml version="1.0" encoding="UTF-8"?>
<!-- Generated by org.testng.reporters.JUnitReportReporter -->
<testsuite hostname="RyanPC" failures="0" tests="2" name="LearningTestNG.TestSauceDemo" time="5.716" errors="0" timestamp="14 May 2023 01:00:34 GMT" skipped="0">
  <testcase classname="LearningTestNG.TestSauceDemo" name="test_buy_item" time="2.398"/>
  <testcase classname="LearningTestNG.TestSauceDemo" name="test_login_logout" time="3.318"/>
</testsuite> <!-- LearningTestNG.TestSauceDemo -->
