<?xml version="1.0" encoding="UTF-8"?>
<!-- Generated by org.testng.reporters.JUnitReportReporter -->
<testsuite hostname="RyanPC" failures="0" tests="6" name="LearningTestNG.TestSauceDemo" time="28.814" errors="0" timestamp="15 May 2023 18:49:56 GMT" skipped="0">
  <testcase classname="LearningTestNG.TestSauceDemo" name="test_cannot_login_with_locked_user" time="2.628"/>
  <testcase classname="LearningTestNG.TestSauceDemo" name="test_social_media_links" time="16.921"/>
  <testcase classname="LearningTestNG.TestSauceDemo" name="test_sort_products" time="2.579"/>
  <testcase classname="LearningTestNG.TestSauceDemo" name="test_buy_item" time="2.383"/>
  <testcase classname="LearningTestNG.TestSauceDemo" name="test_login_logout" time="2.365"/>
  <testcase classname="LearningTestNG.TestSauceDemo" name="test_user_signing_credential_errors" time="1.938"/>
</testsuite> <!-- LearningTestNG.TestSauceDemo -->
